bluetooth/build/intermediates/manifest_merge_blame_file/debug/processDebugManifest/manifest-merger-blame-debug-report.txt
1<?xml version="1.0" encoding="utf-8"?>
2<manifest xmlns:android="http://schemas.android.com/apk/res/android"
3    xmlns:tools="http://schemas.android.com/tools"
4    package="com.ccubas.blueconnect" >
5
6    <uses-sdk android:minSdkVersion="24" />
7
8    <uses-permission android:name="android.permission.BLUETOOTH_CONNECT" />
8-->src\main\AndroidManifest.xml:5:5-76
8-->src\main\AndroidManifest.xml:5:22-73
9    <uses-permission
9-->src\main\AndroidManifest.xml:6:5-9:31
10        android:name="android.permission.BLUETOOTH_SCAN"
10-->src\main\AndroidManifest.xml:7:9-57
11        android:usesPermissionFlags="neverForLocation"
11-->src\main\AndroidManifest.xml:8:9-55
12        tools:targetApi="s" />
12-->src\main\AndroidManifest.xml:9:9-28
13    <uses-permission
13-->src\main\AndroidManifest.xml:11:5-13:38
14        android:name="android.permission.BLUETOOTH"
14-->src\main\AndroidManifest.xml:12:9-52
15        android:maxSdkVersion="30" />
15-->src\main\AndroidManifest.xml:13:9-35
16    <uses-permission
16-->src\main\AndroidManifest.xml:14:5-16:38
17        android:name="android.permission.BLUETOOTH_ADMIN"
17-->src\main\AndroidManifest.xml:15:9-58
18        android:maxSdkVersion="30" />
18-->src\main\AndroidManifest.xml:16:9-35
19    <uses-permission
19-->src\main\AndroidManifest.xml:17:5-19:38
20        android:name="android.permission.ACCESS_FINE_LOCATION"
20-->src\main\AndroidManifest.xml:18:9-63
21        android:maxSdkVersion="30" />
21-->src\main\AndroidManifest.xml:19:9-35
22
23</manifest>